[Tue Nov 10 20:28:11.508748 2020] [ssl:warn] [pid 14592] AH01906: api.lpgpofficial.com:443:0 server certificate is a CA certificate (BasicConstraints: CA == TRUE !?)
[Tue Nov 10 20:28:11.508822 2020] [ssl:warn] [pid 14592] AH01909: api.lpgpofficial.com:443:0 server certificate does NOT include an ID which matches the server name
[Tue Nov 10 20:28:11.566917 2020] [ssl:warn] [pid 14593] AH01906: api.lpgpofficial.com:443:0 server certificate is a CA certificate (BasicConstraints: CA == TRUE !?)
[Tue Nov 10 20:28:11.566936 2020] [ssl:warn] [pid 14593] AH01909: api.lpgpofficial.com:443:0 server certificate does NOT include an ID which matches the server name
[Tue Nov 10 20:28:51.425355 2020] [ssl:warn] [pid 14623] AH01906: api.lpgpofficial.com:443:0 server certificate is a CA certificate (BasicConstraints: CA == TRUE !?)
[Tue Nov 10 20:28:51.425373 2020] [ssl:warn] [pid 14623] AH01909: api.lpgpofficial.com:443:0 server certificate does NOT include an ID which matches the server name
[Tue Nov 10 20:28:51.452879 2020] [ssl:warn] [pid 14624] AH01906: api.lpgpofficial.com:443:0 server certificate is a CA certificate (BasicConstraints: CA == TRUE !?)
[Tue Nov 10 20:28:51.452895 2020] [ssl:warn] [pid 14624] AH01909: api.lpgpofficial.com:443:0 server certificate does NOT include an ID which matches the server name
[Tue Nov 10 20:29:11.374483 2020] [authz_core:error] [pid 14630] [client 127.0.0.1:40282] AH01630: client denied by server configuration: /home/giulliano/lpgp-server/
[Tue Nov 10 20:29:11.445874 2020] [authz_core:error] [pid 14630] [client 127.0.0.1:40282] AH01630: client denied by server configuration: /home/giulliano/lpgp-server/favicon.ico
[Tue Nov 10 20:30:58.270323 2020] [authz_core:error] [pid 14629] [client 127.0.0.1:40294] AH01630: client denied by server configuration: /home/giulliano/lpgp-server/
[Tue Nov 10 20:31:02.257784 2020] [authz_core:error] [pid 14629] [client 127.0.0.1:40294] AH01630: client denied by server configuration: /home/giulliano/lpgp-server/index.html
[Tue Nov 10 20:31:48.625667 2020] [authz_core:error] [pid 14674] [client 127.0.0.1:40298] AH01630: client denied by server configuration: /home/giulliano/lpgp-server/index.html
[Tue Nov 10 20:31:58.973417 2020] [ssl:warn] [pid 14716] AH01906: api.lpgpofficial.com:443:0 server certificate is a CA certificate (BasicConstraints: CA == TRUE !?)
[Tue Nov 10 20:31:58.973435 2020] [ssl:warn] [pid 14716] AH01909: api.lpgpofficial.com:443:0 server certificate does NOT include an ID which matches the server name
[Tue Nov 10 20:31:58.999839 2020] [ssl:warn] [pid 14717] AH01906: api.lpgpofficial.com:443:0 server certificate is a CA certificate (BasicConstraints: CA == TRUE !?)
[Tue Nov 10 20:31:58.999855 2020] [ssl:warn] [pid 14717] AH01909: api.lpgpofficial.com:443:0 server certificate does NOT include an ID which matches the server name
[Wed Nov 11 00:00:19.976819 2020] [ssl:warn] [pid 14717] AH01906: api.lpgpofficial.com:443:0 server certificate is a CA certificate (BasicConstraints: CA == TRUE !?)
[Wed Nov 11 00:00:20.147030 2020] [ssl:warn] [pid 14717] AH01909: api.lpgpofficial.com:443:0 server certificate does NOT include an ID which matches the server name
[Wed Nov 11 08:31:35.748766 2020] [ssl:warn] [pid 725] AH01906: api.lpgpofficial.com:443:0 server certificate is a CA certificate (BasicConstraints: CA == TRUE !?)
[Wed Nov 11 08:31:35.813823 2020] [ssl:warn] [pid 725] AH01909: api.lpgpofficial.com:443:0 server certificate does NOT include an ID which matches the server name
[Wed Nov 11 08:31:37.017085 2020] [ssl:warn] [pid 858] AH01906: api.lpgpofficial.com:443:0 server certificate is a CA certificate (BasicConstraints: CA == TRUE !?)
[Wed Nov 11 08:31:37.017163 2020] [ssl:warn] [pid 858] AH01909: api.lpgpofficial.com:443:0 server certificate does NOT include an ID which matches the server name
[Fri Nov 13 20:40:27.904249 2020] [ssl:warn] [pid 739] AH01906: api.lpgpofficial.com:443:0 server certificate is a CA certificate (BasicConstraints: CA == TRUE !?)
[Fri Nov 13 20:40:27.940190 2020] [ssl:warn] [pid 739] AH01909: api.lpgpofficial.com:443:0 server certificate does NOT include an ID which matches the server name
[Fri Nov 13 20:40:28.867759 2020] [ssl:warn] [pid 883] AH01906: api.lpgpofficial.com:443:0 server certificate is a CA certificate (BasicConstraints: CA == TRUE !?)
[Fri Nov 13 20:40:28.867805 2020] [ssl:warn] [pid 883] AH01909: api.lpgpofficial.com:443:0 server certificate does NOT include an ID which matches the server name
[Sat Nov 14 00:00:10.122187 2020] [ssl:warn] [pid 883] AH01906: api.lpgpofficial.com:443:0 server certificate is a CA certificate (BasicConstraints: CA == TRUE !?)
[Sat Nov 14 00:00:10.169454 2020] [ssl:warn] [pid 883] AH01909: api.lpgpofficial.com:443:0 server certificate does NOT include an ID which matches the server name
[Sat Nov 14 08:57:08.673123 2020] [ssl:warn] [pid 735] AH01906: api.lpgpofficial.com:443:0 server certificate is a CA certificate (BasicConstraints: CA == TRUE !?)
[Sat Nov 14 08:57:08.692907 2020] [ssl:warn] [pid 735] AH01909: api.lpgpofficial.com:443:0 server certificate does NOT include an ID which matches the server name
[Sat Nov 14 08:57:09.800635 2020] [ssl:warn] [pid 875] AH01906: api.lpgpofficial.com:443:0 server certificate is a CA certificate (BasicConstraints: CA == TRUE !?)
[Sat Nov 14 08:57:09.800661 2020] [ssl:warn] [pid 875] AH01909: api.lpgpofficial.com:443:0 server certificate does NOT include an ID which matches the server name
